c:\users\user\desktop\graphicseditor-main\graphicseditor\x64\debug\graphicseditor.obj
c:\users\user\desktop\graphicseditor-main\graphicseditor\x64\debug\main.obj
c:\users\user\desktop\graphicseditor-main\graphicseditor\x64\debug\moc_brushpattern.obj
c:\users\user\desktop\graphicseditor-main\graphicseditor\x64\debug\qrc_graphicseditor.obj
c:\users\user\desktop\graphicseditor-main\graphicseditor\x64\debug\moc_graphicseditor.obj
c:\users\user\desktop\graphicseditor-main\graphicseditor\x64\debug\moc_colorlabel.obj
c:\users\user\desktop\graphicseditor-main\graphicseditor\x64\debug\moc_canvas.obj
c:\users\user\desktop\graphicseditor-main\graphicseditor\x64\debug\canvas.obj
c:\users\user\desktop\graphicseditor-main\graphicseditor\x64\debug\colorlabel.obj
c:\users\user\desktop\graphicseditor-main\graphicseditor\x64\debug\brushpattern.obj
c:\users\user\desktop\graphicseditor-main\graphicseditor\x64\debug\vc142.pdb
c:\users\user\desktop\graphicseditor-main\graphicseditor\x64\debug\uic\ui_brushpattern.h
c:\users\user\desktop\graphicseditor-main\graphicseditor\x64\debug\uic\ui_canvas.h
c:\users\user\desktop\graphicseditor-main\graphicseditor\x64\debug\uic\ui_colorlabel.h
c:\users\user\desktop\graphicseditor-main\graphicseditor\x64\debug\uic\ui_graphicseditor.h
c:\users\user\desktop\graphicseditor-main\graphicseditor\x64\debug\rcc\qrc_graphicseditor.cpp
c:\users\user\desktop\graphicseditor-main\graphicseditor\x64\debug\moc\moc_graphicseditor.cpp
c:\users\user\desktop\graphicseditor-main\graphicseditor\x64\debug\moc\moc_colorlabel.cpp
c:\users\user\desktop\graphicseditor-main\graphicseditor\x64\debug\moc\moc_canvas.cpp
c:\users\user\desktop\graphicseditor-main\graphicseditor\x64\debug\moc\moc_brushpattern.cpp
c:\users\user\desktop\graphicseditor-main\x64\debug\graphicseditor.exe
c:\users\user\desktop\graphicseditor-main\x64\debug\graphicseditor.ilk
c:\users\user\desktop\graphicseditor-main\x64\debug\graphicseditor.pdb
c:\users\user\desktop\graphicseditor-main\graphicseditor\x64\debug\\moc\moc_colorlabel.cpp
c:\users\user\desktop\graphicseditor-main\graphicseditor\x64\debug\\moc\moc_brushpattern.cpp
c:\users\user\desktop\graphicseditor-main\graphicseditor\x64\debug\\moc\moc_graphicseditor.cpp
c:\users\user\desktop\graphicseditor-main\graphicseditor\x64\debug\\moc\moc_canvas.cpp
c:\users\user\desktop\graphicseditor-main\graphicseditor\x64\debug\graphicseditor.res
c:\users\user\desktop\graphicseditor-main\graphicseditor\x64\debug\\rcc\qrc_graphicseditor.cpp
c:\users\user\desktop\graphicseditor-main\graphicseditor\x64\debug\\uic\ui_brushpattern.h
c:\users\user\desktop\graphicseditor-main\graphicseditor\x64\debug\\uic\ui_canvas.h
c:\users\user\desktop\graphicseditor-main\graphicseditor\x64\debug\\uic\ui_colorlabel.h
c:\users\user\desktop\graphicseditor-main\graphicseditor\x64\debug\\uic\ui_graphicseditor.h
c:\users\user\desktop\graphicseditor-main\graphicseditor\x64\debug\graphicseditor.tlog\cl.command.1.tlog
c:\users\user\desktop\graphicseditor-main\graphicseditor\x64\debug\graphicseditor.tlog\cl.read.1.tlog
c:\users\user\desktop\graphicseditor-main\graphicseditor\x64\debug\graphicseditor.tlog\cl.write.1.tlog
c:\users\user\desktop\graphicseditor-main\graphicseditor\x64\debug\graphicseditor.tlog\graphicseditor.write.1u.tlog
c:\users\user\desktop\graphicseditor-main\graphicseditor\x64\debug\graphicseditor.tlog\link.13612.delete.1.tlog
c:\users\user\desktop\graphicseditor-main\graphicseditor\x64\debug\graphicseditor.tlog\link.command.1.tlog
c:\users\user\desktop\graphicseditor-main\graphicseditor\x64\debug\graphicseditor.tlog\link.delete.1.tlog
c:\users\user\desktop\graphicseditor-main\graphicseditor\x64\debug\graphicseditor.tlog\link.read.1.tlog
c:\users\user\desktop\graphicseditor-main\graphicseditor\x64\debug\graphicseditor.tlog\link.write.1.tlog
c:\users\user\desktop\graphicseditor-main\graphicseditor\x64\debug\graphicseditor.tlog\moc.read.1u.tlog
c:\users\user\desktop\graphicseditor-main\graphicseditor\x64\debug\graphicseditor.tlog\moc.write.1u.tlog
c:\users\user\desktop\graphicseditor-main\graphicseditor\x64\debug\graphicseditor.tlog\rc.command.1.tlog
c:\users\user\desktop\graphicseditor-main\graphicseditor\x64\debug\graphicseditor.tlog\rc.read.1.tlog
c:\users\user\desktop\graphicseditor-main\graphicseditor\x64\debug\graphicseditor.tlog\rc.write.1.tlog
c:\users\user\desktop\graphicseditor-main\graphicseditor\x64\debug\graphicseditor.tlog\rcc.read.1u.tlog
c:\users\user\desktop\graphicseditor-main\graphicseditor\x64\debug\graphicseditor.tlog\rcc.write.1u.tlog
c:\users\user\desktop\graphicseditor-main\graphicseditor\x64\debug\graphicseditor.tlog\uic.read.1u.tlog
c:\users\user\desktop\graphicseditor-main\graphicseditor\x64\debug\graphicseditor.tlog\uic.write.1u.tlog
